Determining if the pthread_create exist failed with the following output:
Change Dir: /home/tingchangyin/Desktop/CUDA/program/Math_CUDA/build/CMakeFiles/CMakeTmp

Run Build Command:"/usr/bin/make" "cmTC_a5d61/fast"
/usr/bin/make -f CMakeFiles/cmTC_a5d61.dir/build.make CMakeFiles/cmTC_a5d61.dir/build
make[1]: Entering directory '/home/tingchangyin/Desktop/CUDA/program/Math_CUDA/build/CMakeFiles/CMakeTmp'
Building C object CMakeFiles/cmTC_a5d61.dir/CheckSymbolExists.c.o
/usr/bin/cc   -fPIC    -o CMakeFiles/cmTC_a5d61.dir/CheckSymbolExists.c.o   -c /home/tingchangyin/Desktop/CUDA/program/Math_CUDA/build/CMakeFiles/CMakeTmp/CheckSymbolExists.c
Linking C executable cmTC_a5d61
/opt/cmake-3.13.0/bin/cmake -E cmake_link_script CMakeFiles/cmTC_a5d61.dir/link.txt --verbose=1
/usr/bin/cc -fPIC     -rdynamic CMakeFiles/cmTC_a5d61.dir/CheckSymbolExists.c.o  -o cmTC_a5d61 
CMakeFiles/cmTC_a5d61.dir/CheckSymbolExists.c.o: In function `main':
CheckSymbolExists.c:(.text+0x1b): undefined reference to `pthread_create'
collect2: error: ld returned 1 exit status
CMakeFiles/cmTC_a5d61.dir/build.make:86: recipe for target 'cmTC_a5d61' failed
make[1]: *** [cmTC_a5d61] Error 1
make[1]: Leaving directory '/home/tingchangyin/Desktop/CUDA/program/Math_CUDA/build/CMakeFiles/CMakeTmp'
Makefile:121: recipe for target 'cmTC_a5d61/fast' failed
make: *** [cmTC_a5d61/fast] Error 2

File /home/tingchangyin/Desktop/CUDA/program/Math_CUDA/build/CMakeFiles/CMakeTmp/CheckSymbolExists.c:
/* */
#include <pthread.h>

int main(int argc, char** argv)
{
  (void)argv;
#ifndef pthread_create
  return ((int*)(&pthread_create))[argc];
#else
  (void)argc;
  return 0;
#endif
}

Determining if the function pthread_create exists in the pthreads failed with the following output:
Change Dir: /home/tingchangyin/Desktop/CUDA/program/Math_CUDA/build/CMakeFiles/CMakeTmp

Run Build Command:"/usr/bin/make" "cmTC_6a35a/fast"
/usr/bin/make -f CMakeFiles/cmTC_6a35a.dir/build.make CMakeFiles/cmTC_6a35a.dir/build
make[1]: Entering directory '/home/tingchangyin/Desktop/CUDA/program/Math_CUDA/build/CMakeFiles/CMakeTmp'
Building C object CMakeFiles/cmTC_6a35a.dir/CheckFunctionExists.c.o
/usr/bin/cc   -fPIC -DCHECK_FUNCTION_EXISTS=pthread_create   -o CMakeFiles/cmTC_6a35a.dir/CheckFunctionExists.c.o   -c /opt/cmake-3.13.0/share/cmake-3.13/Modules/CheckFunctionExists.c
Linking C executable cmTC_6a35a
/opt/cmake-3.13.0/bin/cmake -E cmake_link_script CMakeFiles/cmTC_6a35a.dir/link.txt --verbose=1
/usr/bin/cc -fPIC -DCHECK_FUNCTION_EXISTS=pthread_create    -rdynamic CMakeFiles/cmTC_6a35a.dir/CheckFunctionExists.c.o  -o cmTC_6a35a -lpthreads 
/usr/bin/ld: cannot find -lpthreads
collect2: error: ld returned 1 exit status
CMakeFiles/cmTC_6a35a.dir/build.make:86: recipe for target 'cmTC_6a35a' failed
make[1]: *** [cmTC_6a35a] Error 1
make[1]: Leaving directory '/home/tingchangyin/Desktop/CUDA/program/Math_CUDA/build/CMakeFiles/CMakeTmp'
Makefile:121: recipe for target 'cmTC_6a35a/fast' failed
make: *** [cmTC_6a35a/fast] Error 2


